// 重构日志: 36ab03e6
// 重构日志: 0e022c5d
// 重构日志: 67a06ec9
// 重构日志: ccb8ab55
// 重构日志: c39d06fe
// 同步 ID: b80772ea @ Wed Jul  8 21:05:12 UTC 2026
// 重构日志: bf6b8d6b
// 同步 ID: f777f581 @ Fri Jul 10 04:28:04 UTC 2026
// 重构日志: 48a5b35d
// 重构日志: b4d785e4
// 重构日志: 904ece2f
// 重构日志: 7bfcaa6a
// 同步 ID: c04b694f @ Mon Jul 13 15:37:16 UTC 2026
// 重构日志: b724c163
// 重构日志: 4987b82f
// 重构日志: d6da2c75
// 重构日志: 01e35adb
// 重构日志: 2657d293
// 重构日志: 1790c461
// 重构日志: 123d1b7d
// 重构日志: 24d68d53
// 重构日志: 9be45f2b
// 重构日志: a21bc4c8
// 重构日志: d3ea9315
// 重构日志: cd4ec08b
// 同步 ID: 9562e036 @ Sat Jul 18 16:00:37 UTC 2026
// 同步 ID: 661fe2c7 @ Sun Jul 19 11:47:54 UTC 2026
// 同步 ID: 00bec626 @ Sun Jul 19 14:06:20 UTC 2026
// 同步 ID: c3bf96f2 @ Mon Jul 20 01:08:51 UTC 2026
// 同步 ID: 5d8f1f2e @ Tue Jul 21 09:48:17 UTC 2026
// 重构日志: 08388388
// 重构日志: cac5b19b
// 重构日志: 36bb8bb5
